[INFO]: 2023-07-07 12:57:33 - Updateposter-API called...
[INFO]: 2023-07-07 12:57:33 - post updated Successfully!!!
[INFO]: 2023-07-07 12:57:33 - Updateposter-API finished
[INFO]: 2023-07-07 16:13:20 - Server starts in port 8000.....
[INFO]: 2023-07-07 16:14:24 - poster-API called...
[INFO]: 2023-07-07 16:14:24 - Post added successfully
[INFO]: 2023-07-07 16:14:24 - poster-API finished
[INFO]: 2023-07-07 16:14:34 - unauthorized entry
[INFO]: 2023-07-07 16:14:43 - Getposters-API called...
[INFO]: 2023-07-07 16:14:43 - posts retrieved Successfully!!!
[INFO]: 2023-07-07 16:14:43 - Getposters-API finished
[INFO]: 2023-07-07 16:14:49 - Getposter-API called...
[INFO]: 2023-07-07 16:14:50 - post retrieved Successfully!!!
[INFO]: 2023-07-07 16:14:50 - Getposter-API finished
[INFO]: 2023-07-07 16:14:54 - Getposter-API called...
[INFO]: 2023-07-07 16:14:54 - post not found
[INFO]: 2023-07-07 16:14:54 - Getposter-API finished
[INFO]: 2023-07-07 16:14:58 - Getposters-API called...
[INFO]: 2023-07-07 16:14:58 - posts retrieved Successfully!!!
[INFO]: 2023-07-07 16:14:58 - Getposters-API finished
[INFO]: 2023-07-07 16:15:05 - Getposter-API called...
[INFO]: 2023-07-07 16:15:06 - post not found
[INFO]: 2023-07-07 16:15:06 - Getposter-API finished
[INFO]: 2023-07-07 16:15:09 - Getposter-API called...
[INFO]: 2023-07-07 16:15:09 - post retrieved Successfully!!!
[INFO]: 2023-07-07 16:15:09 - Getposter-API finished
[INFO]: 2023-07-07 16:15:18 - Updateposter-API called...
[ERROR]: 2023-07-07 16:15:18 - Invalid catagory
[INFO]: 2023-07-07 16:15:18 - Updateposter-API finished
[INFO]: 2023-07-07 16:19:13 - Server starts in port 8000.....
[INFO]: 2023-07-07 16:19:16 - Updateposter-API called...
[ERROR]: 2023-07-07 16:19:17 - Invalid catagory
[INFO]: 2023-07-07 16:19:17 - Updateposter-API finished
[INFO]: 2023-07-07 16:21:04 - Updateposter-API called...
[ERROR]: 2023-07-07 16:21:05 - Invalid catagory
[INFO]: 2023-07-07 16:21:05 - Updateposter-API finished
[INFO]: 2023-07-07 16:21:09 - Updateposter-API called...
[INFO]: 2023-07-07 16:21:10 - post updated Successfully!!!
[INFO]: 2023-07-07 16:21:10 - Updateposter-API finished
[INFO]: 2023-07-07 16:21:29 - unauthorized entry
[INFO]: 2023-07-07 16:21:54 - Deleteposter-API called...
[INFO]: 2023-07-07 16:21:54 - post deleted Successfully!!!
[INFO]: 2023-07-07 16:21:54 - Deleteposter-API finished
[INFO]: 2023-07-07 16:22:19 - unauthorized entry
[INFO]: 2023-07-07 16:22:27 - unauthorized entry
[INFO]: 2023-07-07 16:22:35 - unauthorized entry
[INFO]: 2023-07-07 16:22:41 - unauthorized entry
